# JRE version: Java(TM) SE Runtime Environment (18.0.2+9) (build 18.0.2+9-61)
# Java VM: Java HotSpot(TM) 64-Bit Server VM (18.0.2+9-61, mixed mode, sharing, tiered, compressed oops, compressed class ptrs, g1 gc, linux-amd64)
GC Precious Log:
 CardTable entry size: 512
 Card Set container configuration: InlinePtr #cards 4 size 8 Array Of Cards #cards 32 size 80 Howl #buckets 8 coarsen threshold 7372 Howl Bitmap #cards 1024 size 144 coarsen threshold 921 Card regions per heap region 1 cards per card region 8192
 CPUs: 16 total, 16 available
 Memory: 31389M
 Large Page Support: Disabled
 NUMA Support: Disabled
 Compressed Oops: Enabled (Zero based)
 Heap Region Size: 4M
 Heap Min Capacity: 8M
 Heap Initial Capacity: 492M
 Heap Max Capacity: 7848M
 Pre-touch: Disabled
 Parallel Workers: 13
 Concurrent Workers: 3
 Concurrent Refinement Workers: 13
 Periodic GC: Disabled
Heap:
 garbage-first heap   total 143360K, used 95069K [0x0000000615800000, 0x0000000800000000)
  region size 4096K, 14 young (57344K), 2 survivors (8192K)
 Metaspace       used 47667K, committed 48320K, reserved 1114112K
  class space    used 5475K, committed 5824K, reserved 1048576K
GC Heap History (12 events):
Event: 0.351 GC heap before
{Heap before GC invocations=0 (full 0):
 garbage-first heap   total 512000K, used 28588K [0x0000000615800000, 0x0000000800000000)
  region size 4096K, 6 young (24576K), 0 survivors (0K)
 Metaspace       used 7015K, committed 7168K, reserved 1114112K
  class space    used 685K, committed 768K, reserved 1048576K
}
Event: 0.353 GC heap after
{Heap after GC invocations=1 (full 0):
 garbage-first heap   total 512000K, used 10780K [0x0000000615800000, 0x0000000800000000)
  region size 4096K, 1 young (4096K), 1 survivors (4096K)
 Metaspace       used 7015K, committed 7168K, reserved 1114112K
  class space    used 685K, committed 768K, reserved 1048576K
}
Event: 0.789 GC heap before
{Heap before GC invocations=1 (full 0):
 garbage-first heap   total 512000K, used 43548K [0x0000000615800000, 0x0000000800000000)
  region size 4096K, 9 young (36864K), 1 survivors (4096K)
 Metaspace       used 14349K, committed 14592K, reserved 1114112K
  class space    used 1543K, committed 1664K, reserved 1048576K
}
Event: 0.791 GC heap after
{Heap after GC invocations=2 (full 0):
 garbage-first heap   total 512000K, used 14143K [0x0000000615800000, 0x0000000800000000)
  region size 4096K, 2 young (8192K), 2 survivors (8192K)
 Metaspace       used 14349K, committed 14592K, reserved 1114112K
  class space    used 1543K, committed 1664K, reserved 1048576K
}
Event: 1.089 GC heap before
{Heap before GC invocations=2 (full 0):
 garbage-first heap   total 512000K, used 51007K [0x0000000615800000, 0x0000000800000000)
  region size 4096K, 10 young (40960K), 2 survivors (8192K)
 Metaspace       used 21315K, committed 21504K, reserved 1114112K
  class space    used 2630K, committed 2752K, reserved 1048576K
}
Event: 1.091 GC heap after
{Heap after GC invocations=3 (full 0):
 garbage-first heap   total 512000K, used 24631K [0x0000000615800000, 0x0000000800000000)
  region size 4096K, 3 young (12288K), 3 survivors (12288K)
 Metaspace       used 21315K, committed 21504K, reserved 1114112K
  class space    used 2630K, committed 2752K, reserved 1048576K
}
Event: 1.973 GC heap before
{Heap before GC invocations=4 (full 0):
 garbage-first heap   total 122880K, used 110647K [0x0000000615800000, 0x0000000800000000)
  region size 4096K, 25 young (102400K), 3 survivors (12288K)
 Metaspace       used 35437K, committed 36096K, reserved 1114112K
  class space    used 4331K, committed 4672K, reserved 1048576K
}
Event: 1.979 GC heap after
{Heap after GC invocations=5 (full 0):
 garbage-first heap   total 143360K, used 33682K [0x0000000615800000, 0x0000000800000000)
  region size 4096K, 4 young (16384K), 4 survivors (16384K)
 Metaspace       used 35437K, committed 36096K, reserved 1114112K
  class space    used 4331K, committed 4672K, reserved 1048576K
}
Event: 2.851 GC heap before
{Heap before GC invocations=6 (full 0):
 garbage-first heap   total 143360K, used 91026K [0x0000000615800000, 0x0000000800000000)
  region size 4096K, 18 young (73728K), 4 survivors (16384K)
 Metaspace       used 44106K, committed 44736K, reserved 1114112K
  class space    used 5236K, committed 5568K, reserved 1048576K
}
Event: 2.860 GC heap after
{Heap after GC invocations=7 (full 0):
 garbage-first heap   total 143360K, used 43877K [0x0000000615800000, 0x0000000800000000)
  region size 4096K, 3 young (12288K), 3 survivors (12288K)
 Metaspace       used 44106K, committed 44736K, reserved 1114112K
  class space    used 5236K, committed 5568K, reserved 1048576K
}
Event: 3.421 GC heap before
{Heap before GC invocations=7 (full 0):
 garbage-first heap   total 143360K, used 93029K [0x0000000615800000, 0x0000000800000000)
  region size 4096K, 15 young (61440K), 3 survivors (12288K)
 Metaspace       used 46237K, committed 46976K, reserved 1114112K
  class space    used 5389K, committed 5760K, reserved 1048576K
}
Event: 3.427 GC heap after
{Heap after GC invocations=8 (full 0):
 garbage-first heap   total 143360K, used 50013K [0x0000000615800000, 0x0000000800000000)
  region size 4096K, 2 young (8192K), 2 survivors (8192K)
 Metaspace       used 46237K, committed 46976K, reserved 1114112K
  class space    used 5389K, committed 5760K, reserved 1048576K
}

