TN:
SF:src/components/Button/index.tsx
FN:10,Button
FNF:1
FNH:1
FNDA:3,Button
DA:11,3
LF:1
LH:1
BRF:0
BRH:0
end_of_record
TN:
SF:src/components/CategorySelectButton/index.tsx
FN:10,CategorySelectButton
FNF:1
FNH:1
FNDA:2,CategorySelectButton
DA:11,2
LF:1
LH:1
BRF:0
BRH:0
end_of_record
TN:
SF:src/components/Header/index.tsx
FN:4,Header
FNF:1
FNH:0
FNDA:0,Header
DA:5,0
DA:7,0
LF:2
LH:0
BRF:0
BRH:0
end_of_record
TN:
SF:src/components/Heading/index.tsx
FN:7,Heading
FNF:1
FNH:1
FNDA:2,Heading
DA:8,2
LF:1
LH:1
BRF:0
BRH:0
end_of_record
TN:
SF:src/components/HighlightCard/index.tsx
FN:18,HighlightCard
FNF:1
FNH:0
FNDA:0,HighlightCard
DA:12,0
DA:24,0
LF:2
LH:0
BRF:0
BRH:0
end_of_record
TN:
SF:src/components/HistoryCard/index.tsx
FN:11,HistoryCard
FNF:1
FNH:0
FNDA:0,HistoryCard
DA:12,0
LF:1
LH:0
BRF:0
BRH:0
end_of_record
TN:
SF:src/components/IconTabBottom/index.tsx
FN:10,IconTabBottom
FNF:1
FNH:0
FNDA:0,IconTabBottom
DA:11,0
LF:1
LH:0
BRF:0
BRH:0
end_of_record
TN:
SF:src/components/Input/index.tsx
FN:6,Input
FNF:1
FNH:1
FNDA:5,Input
DA:7,5
LF:1
LH:1
BRF:0
BRH:0
end_of_record
TN:
SF:src/components/InputForm/index.tsx
FN:14,InputForm
FN:19,(anonymous_1)
FNF:2
FNH:2
FNDA:4,InputForm
FNDA:4,(anonymous_1)
DA:15,4
DA:20,4
LF:2
LH:2
BRDA:28,0,0,4
BRDA:28,0,1,0
BRF:2
BRH:1
end_of_record
TN:
SF:src/components/LabelTabBottom/index.tsx
FN:10,LabelTabBottom
FNF:1
FNH:0
FNDA:0,LabelTabBottom
DA:11,0
LF:1
LH:0
BRDA:13,0,0,0
BRDA:13,0,1,0
BRF:2
BRH:0
end_of_record
TN:
SF:src/components/SignInSocialButton/index.tsx
FN:10,SignInSocialButton
FNF:1
FNH:0
FNDA:0,SignInSocialButton
DA:11,0
LF:1
LH:0
BRF:0
BRH:0
end_of_record
TN:
SF:src/components/TransactionCard/index.tsx
FN:44,TransactionCard
FN:50,(anonymous_1)
FNF:2
FNH:0
FNDA:0,TransactionCard
FNDA:0,(anonymous_1)
DA:35,0
DA:46,0
DA:50,0
LF:3
LH:0
BRDA:55,0,0,0
BRDA:55,0,1,0
BRF:2
BRH:0
end_of_record
TN:
SF:src/components/TransactionTypeButton/index.tsx
FN:15,TransactionTypeButton
FNF:1
FNH:1
FNDA:4,TransactionTypeButton
DA:10,1
DA:21,4
LF:2
LH:2
BRF:0
BRH:0
end_of_record
TN:
SF:src/context/AuthContext.tsx
FN:41,AuthContextProvider
FN:46,(anonymous_1)
FN:63,(anonymous_2)
FN:67,signWithGoogle
FN:99,signWithApple
FN:129,signOut
FNF:6
FNH:4
FNDA:7,AuthContextProvider
FNDA:3,(anonymous_1)
FNDA:3,(anonymous_2)
FNDA:3,signWithGoogle
FNDA:0,signWithApple
FNDA:0,signOut
DA:7,2
DA:8,2
DA:26,2
DA:42,7
DA:43,7
DA:44,7
DA:46,7
DA:47,3
DA:48,3
DA:49,3
DA:51,0
DA:52,0
DA:53,0
DA:56,3
DA:58,3
DA:63,7
DA:64,3
DA:68,3
DA:69,3
DA:70,3
DA:72,3
DA:73,3
DA:75,3
DA:77,2
DA:78,1
DA:79,1
DA:81,1
DA:89,1
DA:90,1
DA:94,1
DA:95,1
DA:100,0
DA:101,0
DA:108,0
DA:109,0
DA:110,0
DA:112,0
DA:119,0
DA:120,0
DA:125,0
DA:130,0
DA:131,0
DA:135,0
DA:139,7
LF:44
LH:29
BRDA:51,0,0,0
BRDA:51,0,1,0
BRDA:77,1,0,1
BRDA:77,1,1,1
BRDA:108,2,0,0
BRDA:108,2,1,0
BRF:6
BRH:2
end_of_record
TN:
SF:src/hooks/auth.tsx
FN:4,useAuth
FNF:1
FNH:1
FNDA:6,useAuth
DA:5,6
DA:7,6
LF:2
LH:2
BRF:0
BRH:0
end_of_record
TN:
SF:src/routes/app.routes.tsx
FN:13,AppRoutes
FN:22,(anonymous_1)
FN:23,(anonymous_2)
FN:30,(anonymous_3)
FN:31,(anonymous_4)
FN:38,(anonymous_5)
FN:39,(anonymous_6)
FNF:7
FNH:0
FNDA:0,AppRoutes
FNDA:0,(anonymous_1)
FNDA:0,(anonymous_2)
FNDA:0,(anonymous_3)
FNDA:0,(anonymous_4)
FNDA:0,(anonymous_5)
FNDA:0,(anonymous_6)
DA:11,0
DA:14,0
DA:22,0
DA:23,0
DA:30,0
DA:31,0
DA:38,0
DA:39,0
LF:8
LH:0
BRF:0
BRH:0
end_of_record
TN:
SF:src/routes/auth.routes.tsx
FN:8,AuthRoutes
FNF:1
FNH:0
FNDA:0,AuthRoutes
DA:6,0
DA:9,0
LF:2
LH:0
BRF:0
BRH:0
end_of_record
TN:
SF:src/routes/index.tsx
FN:9,Routes
FNF:1
FNH:0
FNDA:0,Routes
DA:10,0
DA:12,0
LF:2
LH:0
BRDA:14,0,0,0
BRDA:14,0,1,0
BRF:2
BRH:0
end_of_record
TN:
SF:src/screens/CategorySelect/index.tsx
FN:19,CategorySelect
FN:25,handleCategorySelect
FN:38,(anonymous_2)
FN:39,(anonymous_3)
FN:41,(anonymous_4)
FN:48,(anonymous_5)
FNF:6
FNH:4
FNDA:1,CategorySelect
FNDA:0,handleCategorySelect
FNDA:6,(anonymous_2)
FNDA:6,(anonymous_3)
FNDA:0,(anonymous_4)
FNDA:5,(anonymous_5)
DA:26,0
DA:29,1
DA:38,6
DA:40,6
DA:41,0
DA:48,5
LF:6
LH:4
BRF:0
BRH:0
end_of_record
TN:
SF:src/screens/Dashboard/index.tsx
FN:28,Dashboard
FN:35,getLastTransactionDate
FN:38,(anonymous_2)
FN:39,(anonymous_3)
FN:45,loadTransactions
FN:53,(anonymous_5)
FN:122,handleDeleteTransaction
FN:123,(anonymous_7)
FN:124,(anonymous_8)
FN:131,(anonymous_9)
FN:171,(anonymous_10)
FN:175,(anonymous_11)
FN:201,(anonymous_12)
FN:202,(anonymous_13)
FN:204,(anonymous_14)
FNF:15
FNH:0
FNDA:0,Dashboard
FNDA:0,getLastTransactionDate
FNDA:0,(anonymous_2)
FNDA:0,(anonymous_3)
FNDA:0,loadTransactions
FNDA:0,(anonymous_5)
FNDA:0,handleDeleteTransaction
FNDA:0,(anonymous_7)
FNDA:0,(anonymous_8)
FNDA:0,(anonymous_9)
FNDA:0,(anonymous_10)
FNDA:0,(anonymous_11)
FNDA:0,(anonymous_12)
FNDA:0,(anonymous_13)
FNDA:0,(anonymous_14)
DA:29,0
DA:30,0
DA:31,0
DA:32,0
DA:33,0
DA:36,0
DA:38,0
DA:39,0
DA:42,0
DA:46,0
DA:47,0
DA:49,0
DA:50,0
DA:52,0
DA:55,0
DA:56,0
DA:58,0
DA:61,0
DA:67,0
DA:75,0
DA:86,0
DA:88,0
DA:89,0
DA:90,0
DA:91,0
DA:93,0
DA:119,0
DA:123,0
DA:124,0
DA:125,0
DA:126,0
DA:128,0
DA:131,0
DA:132,0
DA:133,0
DA:135,0
DA:138,0
DA:140,0
DA:167,0
DA:168,0
DA:171,0
DA:172,0
DA:175,0
DA:176,0
DA:179,0
DA:201,0
DA:203,0
DA:204,0
LF:48
LH:0
BRDA:47,0,0,0
BRDA:47,0,1,0
BRDA:55,1,0,0
BRDA:55,1,1,0
BRDA:67,2,0,0
BRDA:67,2,1,0
BRDA:99,3,0,0
BRDA:99,3,1,0
BRDA:107,4,0,0
BRDA:107,4,1,0
BRDA:115,5,0,0
BRDA:115,5,1,0
BRDA:125,6,0,0
BRDA:125,6,1,0
BRDA:132,7,0,0
BRDA:132,7,1,0
BRDA:182,8,0,0
BRDA:182,8,1,0
BRF:18
BRH:0
end_of_record
TN:
SF:src/screens/Profile/index.tsx
FN:9,Profile
FN:29,(anonymous_1)
FNF:2
FNH:1
FNDA:3,Profile
FNDA:0,(anonymous_1)
DA:10,3
LF:1
LH:1
BRF:0
BRH:0
end_of_record
TN:
SF:src/screens/Register/index.tsx
FN:31,Register
FN:51,handleTransactionTypeSelect
FN:55,handleOpenSelectCategoryModal
FN:59,handleCloseSelectCategoryModal
FN:64,handleRegister
FN:122,(anonymous_5)
FN:128,(anonymous_6)
FN:155,(anonymous_7)
FNF:8
FNH:2
FNDA:2,Register
FNDA:0,handleTransactionTypeSelect
FNDA:1,handleOpenSelectCategoryModal
FNDA:0,handleCloseSelectCategoryModal
FNDA:0,handleRegister
FNDA:0,(anonymous_5)
FNDA:0,(anonymous_6)
FNDA:0,(anonymous_7)
DA:20,1
DA:32,2
DA:33,2
DA:34,2
DA:39,2
DA:40,2
DA:47,2
DA:52,0
DA:56,1
DA:60,0
DA:65,0
DA:66,0
DA:67,0
DA:68,0
DA:70,0
DA:82,0
DA:83,0
DA:84,0
DA:85,0
DA:90,0
DA:91,0
DA:92,0
DA:97,0
DA:98,0
DA:100,0
DA:101,0
DA:105,2
DA:122,0
DA:128,0
DA:155,0
LF:30
LH:9
BRDA:66,0,0,0
BRDA:66,0,1,0
BRDA:67,1,0,0
BRDA:67,1,1,0
BRDA:84,2,0,0
BRDA:84,2,1,0
BRF:6
BRH:0
end_of_record
TN:
SF:src/screens/Resume/index.tsx
FN:25,Resume
FN:31,handleDateChange
FN:39,loadData
FN:45,(anonymous_3)
FN:53,(anonymous_4)
FN:57,(anonymous_5)
FN:60,(anonymous_6)
FN:89,(anonymous_7)
FN:106,(anonymous_8)
FN:114,(anonymous_9)
FN:123,(anonymous_10)
FN:139,(anonymous_11)
FN:140,(anonymous_12)
FNF:13
FNH:0
FNDA:0,Resume
FNDA:0,handleDateChange
FNDA:0,loadData
FNDA:0,(anonymous_3)
FNDA:0,(anonymous_4)
FNDA:0,(anonymous_5)
FNDA:0,(anonymous_6)
FNDA:0,(anonymous_7)
FNDA:0,(anonymous_8)
FNDA:0,(anonymous_9)
FNDA:0,(anonymous_10)
FNDA:0,(anonymous_11)
FNDA:0,(anonymous_12)
DA:26,0
DA:27,0
DA:28,0
DA:29,0
DA:32,0
DA:33,0
DA:35,0
DA:40,0
DA:41,0
DA:42,0
DA:43,0
DA:45,0
DA:46,0
DA:52,0
DA:53,0
DA:54,0
DA:57,0
DA:58,0
DA:60,0
DA:61,0
DA:62,0
DA:66,0
DA:68,0
DA:69,0
DA:74,0
DA:85,0
DA:86,0
DA:89,0
DA:90,0
DA:93,0
DA:106,0
DA:114,0
DA:123,0
DA:139,0
DA:141,0
LF:35
LH:0
BRDA:32,0,0,0
BRDA:32,0,1,0
BRDA:43,1,0,0
BRDA:43,1,1,0
BRDA:46,2,0,0
BRDA:46,2,1,0
BRDA:46,2,2,0
BRDA:61,3,0,0
BRDA:61,3,1,0
BRDA:68,4,0,0
BRDA:68,4,1,0
BRDA:97,5,0,0
BRDA:97,5,1,0
BRF:13
BRH:0
end_of_record
TN:
SF:src/screens/SignIn/index.tsx
FN:11,SignIn
FN:14,handleSignInWithGoogle
FN:23,handleSignInWithApple
FNF:3
FNH:0
FNDA:0,SignIn
FNDA:0,handleSignInWithGoogle
FNDA:0,handleSignInWithApple
DA:12,0
DA:15,0
DA:16,0
DA:18,0
DA:19,0
DA:24,0
DA:25,0
DA:27,0
DA:28,0
DA:32,0
LF:10
LH:0
BRDA:60,0,0,0
BRDA:60,0,1,0
BRF:2
BRH:0
end_of_record
